[2019-02-08 16:40:04] SELECT * FROM abonne WHERE `id` = '1'
[2019-02-08 16:39:56] SELECT * FROM abonne
[2019-02-08 16:39:50] SELECT * FROM abonne
[2019-02-08 16:39:50] UPDATE abonne SET `prenom` = 'cathy', `nom` = 'bush' WHERE id = '2'
[2019-02-08 16:39:43] SELECT * FROM abonne WHERE `id` = '2'
[2019-02-08 16:39:34] SELECT * FROM abonne
[2019-02-08 16:32:54] SELECT * FROM abonne
[2019-02-08 16:32:36] SELECT * FROM abonne
[2019-02-08 16:32:01] SELECT * FROM abonne
[2019-02-08 16:32:01] UPDATE abonne SET `prenom` = 'Gabriel', `nom` = '' WHERE id = '2'
[2019-02-08 16:30:26] UPDATE abonne SET `prenom` = 'Gabriel', `nom` = '' WHERE id = '2'
[2019-02-08 16:30:19] SELECT * FROM abonne WHERE `id` = '2'
[2019-02-08 16:30:18] SELECT * FROM abonne WHERE `id` = '2'
[2019-02-08 16:30:18] SELECT * FROM abonne WHERE `id` = '2'
[2019-02-08 16:28:10] SELECT * FROM abonne
[2019-02-08 16:28:10] UPDATE abonne SET `prenom` = 'Gabriel', `nom` = '' WHERE id = '2'
[2019-02-08 16:28:04] SELECT * FROM abonne WHERE `id` = '2'
[2019-02-08 16:28:04] SELECT * FROM abonne WHERE `id` = '2'
[2019-02-08 16:28:03] SELECT * FROM abonne WHERE `id` = '2'
[2019-02-08 16:28:03] SELECT * FROM abonne WHERE `id` = '2'
[2019-02-08 16:28:03] SELECT * FROM abonne WHERE `id` = '2'
[2019-02-08 16:28:02] SELECT * FROM abonne WHERE `id` = '2'
[2019-02-08 16:26:48] SELECT * FROM abonne WHERE `id` = '2'
[2019-02-08 16:26:41] SELECT * FROM abonne
[2019-02-08 16:25:33] SELECT * FROM abonne WHERE `id` = '2'
[2019-02-08 16:25:21] SELECT * FROM abonne
[2019-02-08 16:21:56] SELECT * FROM abonne WHERE `id` = '3'
[2019-02-08 16:21:39] SELECT * FROM abonne
[2019-02-08 16:21:23] SELECT * FROM abonne
[2019-02-08 16:21:23] UPDATE abonne SET `prenom` = '', `nom` = '' WHERE id = '2'
[2019-02-08 16:21:07] SELECT * FROM abonne
[2019-02-08 16:21:07] UPDATE abonne SET `prenom` = '', `nom` = '' WHERE id = '2'
[2019-02-08 16:20:22] SELECT * FROM abonne WHERE `id` = '2'
[2019-02-08 16:17:24] SELECT * FROM abonne WHERE `id` = '2'
[2019-02-08 16:15:08] SELECT * FROM abonne WHERE `id` = '2'
[2019-02-08 16:14:42] SELECT * FROM abonne WHERE `id` = '2'
[2019-02-08 16:13:12] SELECT * FROM abonne WHERE `id` = '2'
[2019-02-08 16:12:50] SELECT * FROM abonne WHERE `id` = '1'
[2019-02-08 16:12:10] SELECT * FROM abonne
